<?xml version="1.0" encoding="UTF-8"?>
<!-- Generated by org.testng.reporters.JUnitReportReporter -->
<testsuite hostname="VAKR-HYD-01" failures="0" tests="1" name="Accolite.Insite.NewTest" time="0.007" errors="0" timestamp="2024-07-08T17:05:07 IST" skipped="0">
  <testcase classname="Accolite.Insite.NewTest" name="f" time="0.007"/>
</testsuite> <!-- Accolite.Insite.NewTest -->
