<?xml version="1.0" encoding="UTF-8"?>
<!-- Generated by org.testng.reporters.JUnitReportReporter -->
<testsuite hostname="VAKR-HYD-01" failures="0" tests="2" name="Accolite.tests.SubmitOrderTest" time="0.000" errors="0" timestamp="25 Jul 2024 10:52:19 GMT" skipped="2">
  <testcase classname="Accolite.tests.SubmitOrderTest" name="submitOrder" time="0.000">
    <skipped/>
  </testcase> <!-- submitOrder -->
  <testcase classname="Accolite.tests.SubmitOrderTest" name="OrderHistoryTest" time="0.000">
    <skipped/>
  </testcase> <!-- OrderHistoryTest -->
</testsuite> <!-- Accolite.tests.SubmitOrderTest -->
